<?xml version="1.0" encoding="UTF-8"?>
<testng-results ignored="0" total="1" passed="1" failed="0" skipped="0">
  <reporter-output>
  </reporter-output>
  <suite started-at="2024-02-25T18:54:02 EST" name="Default suite" finished-at="2024-02-25T18:54:22 EST" duration-ms="20317">
    <groups>
      <group name="cucumber">
        <method signature="AbstractTestNGCucumberTests.runScenario(io.cucumber.testng.PickleWrapper,io.cucumber.testng.FeatureWrapper)[pri:0, instance:com.salesforce.runnerfiles.SalesforceRunner@1a245833]" name="runScenario" class="io.cucumber.testng.AbstractTestNGCucumberTests"/>
      </group> <!-- cucumber -->
    </groups>
    <test started-at="2024-02-25T18:54:02 EST" name="Default test" finished-at="2024-02-25T18:54:22 EST" duration-ms="20317">
      <class name="com.salesforce.runnerfiles.SalesforceRunner">
        <test-method is-config="true" signature="setUpClass(org.testng.ITestContext)[pri:0, instance:com.salesforce.runnerfiles.SalesforceRunner@1a245833]" started-at="2024-02-25T18:54:02 EST" name="setUpClass" finished-at="2024-02-25T18:54:03 EST" duration-ms="998" status="PASS">
          <params>
            <param index="0">
              <value>
                <![CDATA[org.testng.TestRunner@224c7de4]]>
              </value>
            </param>
          </params>
          <reporter-output>
          </reporter-output>
        </test-method> <!-- setUpClass -->
        <test-method signature="runScenario(io.cucumber.testng.PickleWrapper,io.cucumber.testng.FeatureWrapper)[pri:0, instance:com.salesforce.runnerfiles.SalesforceRunner@1a245833]" started-at="2024-02-25T18:54:03 EST" name="runScenario" description="Runs Cucumber Scenarios" data-provider="scenarios" finished-at="2024-02-25T18:54:22 EST" duration-ms="19209" status="PASS">
          <params>
            <param index="0">
              <value>
                <![CDATA["TC24"]]>
              </value>
            </param>
            <param index="1">
              <value>
                <![CDATA["salesforce leads testcases"]]>
              </value>
            </param>
          </params>
          <reporter-output>
          </reporter-output>
        </test-method> <!-- runScenario -->
        <test-method is-config="true" signature="tearDownClass()[pri:0, instance:com.salesforce.runnerfiles.SalesforceRunner@1a245833]" started-at="2024-02-25T18:54:22 EST" name="tearDownClass" finished-at="2024-02-25T18:54:22 EST" duration-ms="51" status="PASS">
          <reporter-output>
          </reporter-output>
        </test-method> <!-- tearDownClass -->
      </class> <!-- com.salesforce.runnerfiles.SalesforceRunner -->
    </test> <!-- Default test -->
  </suite> <!-- Default suite -->
</testng-results>
